<?xml version="1.0" encoding="UTF-8"?>
<testsuite name="TestGradle.LibraryTest" tests="1" skipped="0" failures="0" errors="0" timestamp="2019-04-24T13:22:06" hostname="KyoheinoMacBook-Pro-1480.local" time="0.001">
  <properties/>
  <testcase name="testSomeLibraryMethod" classname="TestGradle.LibraryTest" time="0.001"/>
  <system-out><![CDATA[]]></system-out>
  <system-err><![CDATA[]]></system-err>
</testsuite>
